[15:36:54] [Render thread/INFO] [JMLogger] JourneyMap log initialized.
[15:36:54] [Render thread/INFO] [JourneymapClient] initialize ENTER
[15:36:54] [Render thread/INFO] [ClientAPI] [ClientAPI] built with JourneyMap API 2.0.0-SNAPSHOT
[15:36:54] [Render thread/INFO] [PluginHelper] Initializing plugins with Client API: journeymap.api.client.impl.ClientAPI
[15:36:55] [Render thread/INFO] [PluginHelper] Initialized IClientPlugin: com.tom.createores.jm.JMPlugin
[15:36:55] [Render thread/INFO] [PluginHelper] Initialized IClientPlugin: com.simibubi.create.compat.trainmap.JourneyTrainMap
[15:36:55] [Render thread/INFO] [PluginHelper] Initialized IClientPlugin: journeymap.api.plugins.LoadedChunkOverlayPlugin
[15:36:55] [Render thread/DEBUG] [JourneymapClient] Loading and Generating Journeymap configs
[15:36:55] [Render thread/WARN] [PropertiesBase] core (Initialized) Bad configField entry during updateFrom(): optionsManagerViewed=null
[15:36:55] [Render thread/WARN] [PropertiesBase] core (Initialized) Bad configField entry during updateFrom(): splashViewed=null
[15:36:55] [Render thread/INFO] [?] Version: JourneyMap 1.21.1-6.0.0-beta.53, built with neoforge 21.1.55
neoforge: 21.1.218
Environment: os.name, os.arch, java.version, user.country, user.language=null, game language=en_us, locale=en_us
Features: 
	RadarPlayers : singleplayer = true , multiplayer = true
	RadarAnimals : singleplayer = true , multiplayer = true
	RadarMobs : singleplayer = true , multiplayer = true
	RadarVillagers : singleplayer = true , multiplayer = true
	MapTopo : singleplayer = true , multiplayer = true
	MapSurface : singleplayer = true , multiplayer = true
	MapCaves : singleplayer = true , multiplayer = true
	MapBiome : singleplayer = true , multiplayer = true
MiniMapProperties{state=Valid, file=journeymap.minimap.config, configVersion=6.0.0-beta.53, infoSlotTimeFormat=HH:mm:ss, zoomLevel=512, compassFontScale=1.0, infoSlotFontScale=1.0, terrainAlpha=100, showEntityNames=false, showPassiveNames=false, positionX=0.9, positionY=0.25, effectVertical=false, showPlayerHeading=true, sizePercent=30, playerDisplayScale=1.0, showDayNight=true, showPets=true, showPlayerNames=true, preferredMapType=day, showCompass=true, showNpcNames=false, mobDisplay=jm.common.entity_display.dots_and_outlined_icons, showHostileNames=false, systemTimeRealFormat=HH:mm:ss, shape=jm.minimap.shape_circle, showSelf=true, showVillagerNames=false, selfDisplayScale=1.0, showGrid=true, reticleOrientation=jm.minimap.orientation.compass, minimapLockedMapType=jm.common.map_type.auto, effectTranslateX=0, info3LabelPosition=jm.minimap.info_slot.bottom, showWaypoints=true, info2LabelPosition=jm.minimap.info_slot.top, minimapKeyMovementSpeed=0.001, info1LabelPosition=jm.minimap.info_slot.top, showAnimals=true, infoSlotAlpha=0.7, effectTranslateY=0, showWaypointLabels=true, showAmbientNames=false, moveEffectIcons=true, showTeamNames=true, position=jm.minimap.position_topright, fontScale=1.0, info4LabelPosition=jm.minimap.info_slot.bottom, showPlayers=true, waypointIconScale=1.0, frameAlpha=100, effectReversed=false, backgroundAlpha=0.8, enabled=true, showVillagers=true, info2Label=jm.theme.labelsource.gametime, info3Label=jm.theme.labelsource.location, caveLayer=4, showMobs=true, waypointLabelScale=1.0, showReticle=true, orientation=jm.minimap.orientation.north, info4Label=jm.theme.labelsource.biome, locationFormat=xzyv, playerDisplay=jm.common.entity_display.outlined_icons, mobDisplayScale=1.0, showOffScreenPlayers=true, showCaves=true, hideEffectIcons=false, showMobHeading=true, locationFormatVerbose=true, showAmbientCreatures=false, showPetNames=false, info1Label=jm.theme.labelsource.blank, showNoIconNames=true}
MiniMapProperties{state=Valid, file=journeymap.minimap2.config, configVersion=6.0.0-beta.53, infoSlotTimeFormat=HH:mm:ss, zoomLevel=512, compassFontScale=1.0, infoSlotFontScale=1.0, terrainAlpha=100, showEntityNames=false, showPassiveNames=false, positionX=0.9, positionY=0.25, effectVertical=false, showPlayerHeading=true, sizePercent=30, playerDisplayScale=1.0, showDayNight=true, showPets=true, showPlayerNames=true, preferredMapType=day, showCompass=true, showNpcNames=false, mobDisplay=jm.common.entity_display.dots_and_outlined_icons, showHostileNames=false, systemTimeRealFormat=HH:mm:ss, shape=jm.minimap.shape_rectangle, showSelf=true, showVillagerNames=false, selfDisplayScale=1.0, showGrid=true, reticleOrientation=jm.minimap.orientation.compass, minimapLockedMapType=jm.common.map_type.auto, effectTranslateX=0, info3LabelPosition=jm.minimap.info_slot.bottom, showWaypoints=true, info2LabelPosition=jm.minimap.info_slot.top, minimapKeyMovementSpeed=0.001, info1LabelPosition=jm.minimap.info_slot.top, showAnimals=true, infoSlotAlpha=0.7, effectTranslateY=0, showWaypointLabels=true, showAmbientNames=false, moveEffectIcons=true, showTeamNames=true, position=jm.minimap.position_topright, fontScale=1.0, info4LabelPosition=jm.minimap.info_slot.bottom, showPlayers=true, waypointIconScale=1.0, frameAlpha=100, effectReversed=false, backgroundAlpha=0.8, enabled=true, showVillagers=true, info2Label=jm.theme.labelsource.gametime, info3Label=jm.theme.labelsource.location, caveLayer=4, showMobs=true, waypointLabelScale=1.0, showReticle=true, orientation=jm.minimap.orientation.north, info4Label=jm.theme.labelsource.biome, locationFormat=xzyv, playerDisplay=jm.common.entity_display.outlined_icons, mobDisplayScale=1.0, showOffScreenPlayers=true, showCaves=true, hideEffectIcons=false, showMobHeading=true, locationFormatVerbose=true, showAmbientCreatures=false, showPetNames=false, info1Label=jm.theme.labelsource.blank, showNoIconNames=true}
FullMapProperties{state=Valid, file=journeymap.fullmap.config, configVersion=6.0.0-beta.53, zoomLevel=512, minimalMode=false, showPlayers=true, waypointIconScale=1.0, showEntityNames=false, showPassiveNames=false, showPlayerHeading=true, showVillagers=true, showPlayerLoc=true, showKeys=true, playerDisplayScale=1.0, showMobs=true, showPets=true, waypointLabelScale=1.0, showPlayerNames=true, preferredMapType=day, showNpcNames=false, mobDisplay=jm.common.entity_display.dots_and_outlined_icons, showHostileNames=false, showSelf=true, locationFormat=xzyv, playerDisplay=jm.common.entity_display.outlined_icons, showVillagerNames=false, mobDisplayScale=1.0, selfDisplayScale=1.0, showOffScreenPlayers=true, showGrid=true, showMouseLoc=true, showWaypoints=true, showCaves=true, showThemeButton=true, showAnimals=true, showMobHeading=true, showWaypointLabels=true, locationFormatVerbose=true, showAmbientNames=false, showAmbientCreatures=false, showTeamNames=true, showPetNames=false, fontScale=1.0, showNoIconNames=true}
WaypointProperties{state=Valid, file=journeymap.waypoint.config, configVersion=6.0.0-beta.53, autoRemoveDeathpointDistance=2, showPlayers=false, dateFormat=MM-dd-yyyy, autoHideIconAngle=5, autoRemoveDeathpoints=false, autoHideIcon=false, autoHideLabelAngle=5, renderWaypointsWorld=true, showDeleteConfirmation=true, managerDimensionFocus=false, fullscreenDoubleClickToCreate=true, minDistance=4, coordinatesFormat=XZY, boldLabel=false, disableShare=false, showDeathpointlabel=true, textureSmall=true, useActionsButton=false, beaconEnabled=true, createDeathpoints=true, disableStrikeThrough=false, renderWaypointsMap=true, showName=true, maxDistance=0, ignoreRenderDistance=false, autoHideLabel=true, autoRemoveTempWaypoints=2, teleportCommand=/execute in {dim} run tp {name} {x} {y} {z}, showStaticBeam=true, renderWaypoints=true, wholeNumberTeleportCoords=false, timeFormat=HH:mm:ss, shaderBeacon=false, showDistance=true, showRotatingBeam=true, fontScale=2.0, managerEnabled=true}
WebMapProperties{state=Valid, file=journeymap.webmap.config, configVersion=6.0.0-beta.53, port=8080, enabled=false}
CoreProperties{state=Valid, file=journeymap.core.config, configVersion=6.0.0-beta.53, maxPlayersData=32, mapSurfaceAboveCaves=true, dataCachingEnabled=true, maxAmbientCreaturesData=32, optionsManagerViewed=null, announceMod=true, ignoreSnow=false, colorPassive=#bbbbbb, colorPassiveLabel=#bbbbbb, mapShadows=true, mapBlendWater=true, playerIconFade=true, renderDistanceSurfaceMax=0, seedId=false, colorPetLabel=#0077ff, radarVerticalDistance=16, mapBlendGrass=true, recordCacheStats=false, hideSneakingEntities=true, initialSortOrder=Name, colorPlayerLabel=#ffffff, revealShape=jm.minimap.shape_circle, mapBiome=true, caveShader=jm.common.map_filter.default, mipmapLevels=5, colorVillagerLabel=#88e188, alwaysMapSurface=false, biomeShader=jm.common.map_filter.default, colorVillager=#88e188, mapPlants=false, colorPet=#0077ff, sortDescending=true, radarLateralDistance=64, mapBathymetry=false, mapCrops=true, maxMobsData=32, dayShader=jm.common.map_filter.default, mapPlantShadows=false, alwaysMapCaves=false, checkUpdates=true, colorHostileLabel=#ff0000, mapBlendFoliage=true, topoMax=0, hideSpectators=false, mappingEnabled=true, colorPlayer=#ffffff, cacheVillagersData=2200, logLevel=INFO, maxVillagersData=32, mapWaterBiomeColors=true, maxAnimalsData=32, mapTransparency=true, caveBlackAsClear=false, caveModeThreshold=2, legacyIcons=false, netherShader=jm.common.map_filter.default, caveIgnoreGlass=true, mapTopography=true, renderDistanceCaveMax=0, mapAntialiasing=true, colorSelf=#0000ff, cachePlayersData=2000, mapOnlyPlayerChunk=false, nightShader=jm.common.map_filter.default, cacheMobsData=3000, cachePlayerData=1000, splashViewed=null, colorHostile=#ff0000, topoShader=jm.common.map_filter.default, allowMiniMapBehindScreens=true, cacheAnimalsData=3100, ignoreHeightmaps=false, themeName=Purist, mapCaveLighting=true, renderDelay=2, mobIconFade=true, serverIp=false, glErrorChecking=false, autoMapPoll=2000}
[15:36:55] [Render thread/INFO] [JourneymapClient] initialize EXIT, elapsed count 1 avg 273.03ms
[15:37:07] [Render thread/INFO] [JourneymapClientNeoForge] Journeymap PostInit
[15:37:07] [Render thread/DEBUG] [JourneymapClient] postInitialize ENTER
[15:37:07] [Render thread/TRACE] [ThemeLoader] Initializing themes ...
[15:37:07] [Render thread/INFO] [NeoForgeHooks] ModFileLocation:file:/home/deck/Documents/ModpacksPrism/FirstModpack/minecraft/mods/journeymap-neoforge-1.21.1-6.0.0-beta.53.jar
[15:37:07] [Render thread/DEBUG] [FileHandler] ZipFilePath:home/deck/Documents/ModpacksPrism/FirstModpack/minecraft/mods/journeymap-neoforge-1.21.1-6.0.0-beta.53.jar zipEntryName:assets/journeymap/theme/victorian_ destDir:/home/deck/Documents/ModpacksPrism/FirstModpack/minecraft/journeymap/icon/theme/victorian_ overWrite:true fromPath:home/deck/Documents/ModpacksPrism/FirstModpack/minecraft/mods/journeymap-neoforge-1.21.1-6.0.0-beta.53.jar
[15:37:07] [Render thread/WARN] [FileHandler] Failed getting ZipFile for home/deck/Documents/ModpacksPrism/FirstModpack/minecraft/mods/journeymap-neoforge-1.21.1-6.0.0-beta.53.jar, attempting to use /home/deck/Documents/ModpacksPrism/FirstModpack/minecraft/mods/journeymap-neoforge-1.21.1-6.0.0-beta.53.jar as a fallback on OS:LINUX.
[15:37:07] [Render thread/INFO] [NeoForgeHooks] ModFileLocation:file:/home/deck/Documents/ModpacksPrism/FirstModpack/minecraft/mods/journeymap-neoforge-1.21.1-6.0.0-beta.53.jar
[15:37:07] [Render thread/DEBUG] [FileHandler] ZipFilePath:home/deck/Documents/ModpacksPrism/FirstModpack/minecraft/mods/journeymap-neoforge-1.21.1-6.0.0-beta.53.jar zipEntryName:assets/journeymap/theme/flat destDir:/home/deck/Documents/ModpacksPrism/FirstModpack/minecraft/journeymap/icon/theme/flat overWrite:true fromPath:home/deck/Documents/ModpacksPrism/FirstModpack/minecraft/mods/journeymap-neoforge-1.21.1-6.0.0-beta.53.jar
[15:37:07] [Render thread/WARN] [FileHandler] Failed getting ZipFile for home/deck/Documents/ModpacksPrism/FirstModpack/minecraft/mods/journeymap-neoforge-1.21.1-6.0.0-beta.53.jar, attempting to use /home/deck/Documents/ModpacksPrism/FirstModpack/minecraft/mods/journeymap-neoforge-1.21.1-6.0.0-beta.53.jar as a fallback on OS:LINUX.
[15:37:07] [Render thread/INFO] [NeoForgeHooks] ModFileLocation:file:/home/deck/Documents/ModpacksPrism/FirstModpack/minecraft/mods/journeymap-neoforge-1.21.1-6.0.0-beta.53.jar
[15:37:07] [Render thread/DEBUG] [FileHandler] ZipFilePath:home/deck/Documents/ModpacksPrism/FirstModpack/minecraft/mods/journeymap-neoforge-1.21.1-6.0.0-beta.53.jar zipEntryName:assets/journeymap/theme/vault_flat destDir:/home/deck/Documents/ModpacksPrism/FirstModpack/minecraft/journeymap/icon/theme/vault_flat overWrite:true fromPath:home/deck/Documents/ModpacksPrism/FirstModpack/minecraft/mods/journeymap-neoforge-1.21.1-6.0.0-beta.53.jar
[15:37:07] [Render thread/WARN] [FileHandler] Failed getting ZipFile for home/deck/Documents/ModpacksPrism/FirstModpack/minecraft/mods/journeymap-neoforge-1.21.1-6.0.0-beta.53.jar, attempting to use /home/deck/Documents/ModpacksPrism/FirstModpack/minecraft/mods/journeymap-neoforge-1.21.1-6.0.0-beta.53.jar as a fallback on OS:LINUX.
[15:37:07] [Render thread/INFO] [NeoForgeHooks] ModFileLocation:file:/home/deck/Documents/ModpacksPrism/FirstModpack/minecraft/mods/journeymap-neoforge-1.21.1-6.0.0-beta.53.jar
[15:37:07] [Render thread/DEBUG] [FileHandler] ZipFilePath:home/deck/Documents/ModpacksPrism/FirstModpack/minecraft/mods/journeymap-neoforge-1.21.1-6.0.0-beta.53.jar zipEntryName:assets/journeymap/theme/vault destDir:/home/deck/Documents/ModpacksPrism/FirstModpack/minecraft/journeymap/icon/theme/vault overWrite:true fromPath:home/deck/Documents/ModpacksPrism/FirstModpack/minecraft/mods/journeymap-neoforge-1.21.1-6.0.0-beta.53.jar
[15:37:07] [Render thread/WARN] [FileHandler] Failed getting ZipFile for home/deck/Documents/ModpacksPrism/FirstModpack/minecraft/mods/journeymap-neoforge-1.21.1-6.0.0-beta.53.jar, attempting to use /home/deck/Documents/ModpacksPrism/FirstModpack/minecraft/mods/journeymap-neoforge-1.21.1-6.0.0-beta.53.jar as a fallback on OS:LINUX.
[15:37:07] [Render thread/INFO] [ThemeLoader] Preloaded theme textures: 73
[15:37:07] [Render thread/INFO] [JourneymapClient] postInitialize EXIT, elapsed count 1 avg 405.66ms
[15:37:12] [Render thread/INFO] [ColorPalette] Color palette file generated for 0 blockstates in 1ms for: Default Palette
[15:37:33] [Render thread/INFO] [TextureCache] [JourneyMap]: Purging Theme Images
[15:37:33] [Render thread/INFO] [TextureCache] [JourneyMap]: Purging Region Images
[15:37:33] [Render thread/INFO] [TextureCache] [JourneyMap]: Purging Mob Icon Images
[15:37:33] [Render thread/INFO] [WaypointHandler] Resetting Waypoints and Groups.
[15:37:33] [Render thread/INFO] [WaypointStore] Loaded 0 waypoints from disk.
[15:37:33] [Render thread/INFO] [WaypointGroupStore] Loaded 4 waypoint groups from disk.
[15:37:33] [Server thread/INFO] [NeoForgeConfig] Loading JourneyMap Forge Configs
[15:38:04] [Render thread/INFO] [InternalStateHandler] Connection initiated with Journeymap Server: true
[15:38:04] [Render thread/INFO] [InternalStateHandler] Teleport Enabled: false
[15:38:04] [Render thread/INFO] [InternalStateHandler] Expanded Radar Enabled: true
[15:38:04] [Render thread/INFO] [InternalStateHandler] Server Admin Enabled: false
[15:38:04] [Render thread/INFO] [InternalStateHandler] Server set show in-game beacons: true
[15:38:04] [Render thread/INFO] [InternalStateHandler] Server set waypoints allowed: true
[15:38:04] [Render thread/INFO] [InternalStateHandler] Server set Server Admin read only mode: true
[15:38:04] [Render thread/INFO] [InternalStateHandler] Server set maxSurfaceRenderDistance to: 0
[15:38:04] [Render thread/INFO] [InternalStateHandler] Server setmaxCaveRenderDistance to: 0
[15:38:04] [Render thread/INFO] [InternalStateHandler] Server set allow mutliplayer options: true
[15:38:04] [Render thread/INFO] [InternalStateHandler] Server set allow rightClickTeleport options: true
[15:38:04] [Render thread/INFO] [InternalStateHandler] Server set allow radarLateralDistance options: 512
[15:38:04] [Render thread/INFO] [InternalStateHandler] Server set allow radarVerticalDistance options: 320
[15:38:04] [Render thread/INFO] [InternalStateHandler] Server set allow maxAnimalsData options: 128
[15:38:04] [Render thread/INFO] [InternalStateHandler] Server set allow maxAmbientCreaturesData options: 128
[15:38:04] [Render thread/INFO] [InternalStateHandler] Server set allow maxMobsData options: 128
[15:38:04] [Render thread/INFO] [InternalStateHandler] Server set allow maxPlayersData options: 128
[15:38:04] [Render thread/INFO] [InternalStateHandler] Server set allow maxVillagersData options: 128
[15:38:04] [Render thread/INFO] [InternalStateHandler] Server set allow playerRadarNamesEnabled options: true
[15:38:04] [Render thread/INFO] [InternalStateHandler] Server set allow minimapEnabled options: true
[15:38:04] [Render thread/INFO] [InternalStateHandler] Server set allow hideCoordinates options: false
[15:38:04] [Render thread/INFO] [InternalStateHandler] Connection initiated with Journeymap Server: true
[15:38:04] [Render thread/INFO] [InternalStateHandler] Teleport Enabled: false
[15:38:04] [Render thread/INFO] [InternalStateHandler] Expanded Radar Enabled: true
[15:38:04] [Render thread/INFO] [InternalStateHandler] Server Admin Enabled: false
[15:38:04] [Render thread/INFO] [InternalStateHandler] Server set show in-game beacons: true
[15:38:04] [Render thread/INFO] [InternalStateHandler] Server set waypoints allowed: true
[15:38:04] [Render thread/INFO] [InternalStateHandler] Server set Server Admin read only mode: true
[15:38:04] [Render thread/INFO] [InternalStateHandler] Server set maxSurfaceRenderDistance to: 0
[15:38:04] [Render thread/INFO] [InternalStateHandler] Server setmaxCaveRenderDistance to: 0
[15:38:04] [Render thread/INFO] [InternalStateHandler] Server set allow mutliplayer options: true
[15:38:04] [Render thread/INFO] [InternalStateHandler] Server set allow rightClickTeleport options: true
[15:38:04] [Render thread/INFO] [InternalStateHandler] Server set allow radarLateralDistance options: 512
[15:38:04] [Render thread/INFO] [InternalStateHandler] Server set allow radarVerticalDistance options: 320
[15:38:04] [Render thread/INFO] [InternalStateHandler] Server set allow maxAnimalsData options: 128
[15:38:04] [Render thread/INFO] [InternalStateHandler] Server set allow maxAmbientCreaturesData options: 128
[15:38:04] [Render thread/INFO] [InternalStateHandler] Server set allow maxMobsData options: 128
[15:38:04] [Render thread/INFO] [InternalStateHandler] Server set allow maxPlayersData options: 128
[15:38:04] [Render thread/INFO] [InternalStateHandler] Server set allow maxVillagersData options: 128
[15:38:04] [Render thread/INFO] [InternalStateHandler] Server set allow playerRadarNamesEnabled options: true
[15:38:04] [Render thread/INFO] [InternalStateHandler] Server set allow minimapEnabled options: true
[15:38:04] [Render thread/INFO] [InternalStateHandler] Server set allow hideCoordinates options: false
[15:38:08] [Render thread/WARN] [PropertiesBase] core (Initialized) Bad configField entry during updateFrom(): optionsManagerViewed=null
[15:38:08] [Render thread/WARN] [PropertiesBase] core (Initialized) Bad configField entry during updateFrom(): splashViewed=null
[15:38:08] [Render thread/INFO] [ModBlockDelegate] Custom modded block handling enabled for create
[15:38:08] [Render thread/INFO] [WaypointHandler] Resetting Waypoints and Groups.
[15:38:08] [Render thread/INFO] [WaypointStore] Loaded 0 waypoints from disk.
[15:38:08] [Render thread/INFO] [WaypointGroupStore] Loaded 4 waypoint groups from disk.
[15:38:08] [Render thread/INFO] [LegacyWaypointFileMigrator] 0 Legacy waypoints found that need to be migrated and backed up.
[15:38:08] [Render thread/INFO] [ColorPalette] Color palette file generated for 0 blockstates in 0ms for: /home/deck/Documents/ModpacksPrism/FirstModpack/minecraft/journeymap/colorpalette.json
[15:38:08] [Render thread/INFO] [ColorPalette] Color palette file generated for 0 blockstates in 0ms for: /home/deck/Documents/ModpacksPrism/FirstModpack/minecraft/journeymap/data/sp/New World (1)/colorpalette.json
[15:38:08] [Render thread/INFO] [JourneymapClient] Mapping started in /home/deck/Documents/ModpacksPrism/FirstModpack/minecraft/journeymap/data/sp/New World (1)/overworld. Memory: 3116MB total, 846MB free 
[15:38:08] [Render thread/INFO] [InternalStateHandler] Connection initiated with Journeymap Server: true
[15:38:08] [Render thread/INFO] [InternalStateHandler] Teleport Enabled: false
[15:38:08] [Render thread/INFO] [InternalStateHandler] Expanded Radar Enabled: true
[15:38:08] [Render thread/INFO] [InternalStateHandler] Server Admin Enabled: false
[15:38:08] [Render thread/INFO] [InternalStateHandler] Server set show in-game beacons: true
[15:38:08] [Render thread/INFO] [InternalStateHandler] Server set waypoints allowed: true
[15:38:08] [Render thread/INFO] [InternalStateHandler] Server set Server Admin read only mode: true
[15:38:08] [Render thread/INFO] [InternalStateHandler] Server set maxSurfaceRenderDistance to: 0
[15:38:08] [Render thread/INFO] [InternalStateHandler] Server setmaxCaveRenderDistance to: 0
[15:38:08] [Render thread/INFO] [InternalStateHandler] Server set allow mutliplayer options: true
[15:38:08] [Render thread/INFO] [InternalStateHandler] Server set allow rightClickTeleport options: true
[15:38:08] [Render thread/INFO] [InternalStateHandler] Server set allow radarLateralDistance options: 512
[15:38:08] [Render thread/INFO] [InternalStateHandler] Server set allow radarVerticalDistance options: 320
[15:38:08] [Render thread/INFO] [InternalStateHandler] Server set allow maxAnimalsData options: 128
[15:38:08] [Render thread/INFO] [InternalStateHandler] Server set allow maxAmbientCreaturesData options: 128
[15:38:08] [Render thread/INFO] [InternalStateHandler] Server set allow maxMobsData options: 128
[15:38:08] [Render thread/INFO] [InternalStateHandler] Server set allow maxPlayersData options: 128
[15:38:08] [Render thread/INFO] [InternalStateHandler] Server set allow maxVillagersData options: 128
[15:38:08] [Render thread/INFO] [InternalStateHandler] Server set allow playerRadarNamesEnabled options: true
[15:38:08] [Render thread/INFO] [InternalStateHandler] Server set allow minimapEnabled options: true
[15:38:08] [Render thread/INFO] [InternalStateHandler] Server set allow hideCoordinates options: false
[15:38:09] [Render thread/INFO] [ChatLog] JourneyMap: Press [J]
[15:41:54] [Render thread/INFO] [TextureCache] [JourneyMap]: Purging Theme Images
[15:41:54] [Render thread/INFO] [TextureCache] [JourneyMap]: Purging Region Images
[15:41:54] [Render thread/INFO] [TextureCache] [JourneyMap]: Purging Mob Icon Images
[15:41:54] [Render thread/INFO] [WaypointHandler] Resetting Waypoints and Groups.
[15:41:54] [Render thread/INFO] [WaypointStore] Loaded 0 waypoints from disk.
[15:41:54] [Render thread/INFO] [WaypointGroupStore] Loaded 4 waypoint groups from disk.
[15:41:54] [Render thread/INFO] [JourneymapClient] Mapping halted in /home/deck/Documents/ModpacksPrism/FirstModpack/minecraft/journeymap/data/mp/offline/minecraft:overworld
[15:41:57] [Render thread/INFO] [TextureCache] [JourneyMap]: Purging Theme Images
[15:41:57] [Render thread/INFO] [TextureCache] [JourneyMap]: Purging Region Images
[15:41:57] [Render thread/INFO] [TextureCache] [JourneyMap]: Purging Mob Icon Images
[15:41:57] [Render thread/INFO] [WaypointHandler] Resetting Waypoints and Groups.
[15:41:57] [Render thread/INFO] [WaypointStore] Loaded 0 waypoints from disk.
[15:41:57] [Render thread/INFO] [WaypointGroupStore] Loaded 4 waypoint groups from disk.
